2025-02-12 11:37:09,581 - INFO - /home/darlan/gerenciador_tecnicos/monitoramento_tecnicos/tecnicos/views.py changed, reloading.
2025-02-12 11:37:11,071 - INFO - /home/darlan/gerenciador_tecnicos/monitoramento_tecnicos/tecnicos/views.py changed, reloading.
2025-02-12 11:38:01,727 - INFO - Técnico 938 não está em atividade ou já há um alarme.
2025-02-12 11:38:01,747 - INFO - Técnico 1453 não está em atividade ou já há um alarme.
2025-02-12 11:38:01,767 - INFO - Técnico 1234 não está em atividade ou já há um alarme.
2025-02-12 11:38:01,785 - INFO - Técnico 1034 não está em atividade ou já há um alarme.
2025-02-12 11:38:01,797 - INFO - Técnico 911 não está em atividade ou já há um alarme.
2025-02-12 11:38:01,815 - INFO - Técnico 1494 não está em atividade ou já há um alarme.
2025-02-12 11:38:01,841 - INFO - Técnico 1386 não está em atividade ou já há um alarme.
2025-02-12 11:38:01,864 - INFO - Técnico 1044 não está em atividade ou já há um alarme.
2025-02-12 11:38:01,897 - INFO - Técnico 910 não está em atividade ou já há um alarme.
2025-02-12 11:38:01,910 - INFO - Técnico 1052 não está em atividade ou já há um alarme.
2025-02-12 11:38:01,923 - INFO - Técnico 1400 não está em atividade ou já há um alarme.
2025-02-12 11:38:01,936 - INFO - Técnico 1407 não está em atividade ou já há um alarme.
2025-02-12 11:38:01,963 - INFO - Técnico 1490 não está em atividade ou já há um alarme.
2025-02-12 11:38:01,987 - INFO - Técnico 1090 não está em atividade ou já há um alarme.
2025-02-12 11:38:02,008 - INFO - Técnico 973 não está em atividade ou já há um alarme.
2025-02-12 11:38:02,029 - DEBUG - Técnico 1016 - Status: Em Atividade
2025-02-12 11:38:02,052 - INFO - Técnico 950 não está em atividade ou já há um alarme.
2025-02-12 11:38:02,070 - INFO - Técnico 1027 não está em atividade ou já há um alarme.
2025-02-12 11:38:02,091 - DEBUG - Técnico 913 - Status: Em Atividade
2025-02-12 11:38:02,118 - INFO - Técnico 1281 não está em atividade ou já há um alarme.
2025-02-12 11:38:02,137 - DEBUG - Técnico 1068 - Status: Em Atividade
2025-02-12 11:38:02,167 - DEBUG - Técnico 1030 - Status: Em Atividade
2025-02-12 11:38:02,194 - DEBUG - Técnico 1429 - Status: Em Atividade
2025-02-12 11:38:02,278 - DEBUG - Técnico 1427 - Status: Em Atividade
2025-02-12 11:38:02,303 - INFO - Técnico 1393 não está em atividade ou já há um alarme.
2025-02-12 11:38:02,322 - DEBUG - Técnico 1229 - Status: Em Atividade
2025-02-12 11:38:02,346 - INFO - Técnico 1084 não está em atividade ou já há um alarme.
2025-02-12 11:38:02,367 - INFO - Técnico 1127 não está em atividade ou já há um alarme.
2025-02-12 11:38:02,388 - INFO - Técnico 1406 não está em atividade ou já há um alarme.
2025-02-12 11:38:02,401 - INFO - Técnico 1163 não está em atividade ou já há um alarme.
2025-02-12 11:38:02,415 - INFO - Técnico 1430 não está em atividade ou já há um alarme.
2025-02-12 11:38:02,434 - DEBUG - Técnico 1278 - Status: Em Atividade
2025-02-12 11:38:02,472 - INFO - Técnico 918 não está em atividade ou já há um alarme.
2025-02-12 11:38:02,493 - INFO - Técnico 1025 não está em atividade ou já há um alarme.
2025-02-12 11:38:02,518 - DEBUG - Técnico 1428 - Status: Em Atividade
2025-02-12 11:38:02,559 - INFO - Técnico 1013 não está em atividade ou já há um alarme.
2025-02-12 11:38:02,583 - INFO - Técnico 1053 não está em atividade ou já há um alarme.
2025-02-12 11:38:02,607 - INFO - Técnico 1452 não está em atividade ou já há um alarme.
2025-02-12 11:38:02,627 - DEBUG - Técnico 1035 - Status: Em Atividade
2025-02-12 11:38:02,662 - DEBUG - Técnico 1146 - Status: Em Atividade
2025-02-12 11:38:02,708 - INFO - Técnico 1047 não está em atividade ou já há um alarme.
2025-02-12 11:38:02,731 - DEBUG - Técnico 1049 - Status: Em Atividade
2025-02-12 11:38:02,764 - INFO - Técnico 1140 não está em atividade ou já há um alarme.
2025-02-12 11:38:02,784 - INFO - Técnico 1389 não está em atividade ou já há um alarme.
2025-02-12 11:38:02,811 - INFO - Técnico 1403 não está em atividade ou já há um alarme.
2025-02-12 11:38:02,843 - INFO - Técnico 1139 não está em atividade ou já há um alarme.
2025-02-12 11:38:02,880 - DEBUG - Técnico 1011 - Status: Em Atividade
2025-02-12 11:38:02,919 - INFO - Técnico 933 não está em atividade ou já há um alarme.
2025-02-12 11:38:02,946 - INFO - Técnico 1497 não está em atividade ou já há um alarme.
2025-02-12 11:38:02,971 - INFO - Técnico 966 não está em atividade ou já há um alarme.
2025-02-12 11:38:02,992 - INFO - Técnico 1451 não está em atividade ou já há um alarme.
2025-02-12 11:38:03,013 - INFO - Técnico 1402 não está em atividade ou já há um alarme.
2025-02-12 11:38:03,034 - INFO - Técnico 994 não está em atividade ou já há um alarme.
2025-02-12 11:38:03,056 - INFO - Técnico 1499 não está em atividade ou já há um alarme.
2025-02-12 11:38:03,084 - INFO - Técnico 986 não está em atividade ou já há um alarme.
2025-02-12 11:38:03,107 - INFO - Técnico 1454 não está em atividade ou já há um alarme.
2025-02-12 11:38:03,128 - INFO - Técnico 1500 não está em atividade ou já há um alarme.
2025-02-12 11:38:03,152 - DEBUG - Técnico 1347 - Status: Em Atividade
2025-02-12 11:38:03,190 - INFO - Técnico 1010 não está em atividade ou já há um alarme.
2025-02-12 11:41:09,721 - INFO - /home/darlan/gerenciador_tecnicos/monitoramento_tecnicos/tecnicos/views.py changed, reloading.
2025-02-12 11:41:19,414 - INFO - /home/darlan/gerenciador_tecnicos/monitoramento_tecnicos/tecnicos/views.py changed, reloading.
2025-02-12 11:42:37,639 - INFO - /home/darlan/gerenciador_tecnicos/monitoramento_tecnicos/tecnicos/views.py changed, reloading.
2025-02-12 11:43:47,283 - INFO - /home/darlan/gerenciador_tecnicos/monitoramento_tecnicos/tecnicos/views.py changed, reloading.
2025-02-12 11:44:09,087 - DEBUG - Logger configurado com sucesso.
2025-02-12 11:44:16,373 - INFO - Técnico 938 não está em atividade ou já há um alarme.
2025-02-12 11:44:16,398 - INFO - Técnico 1453 não está em atividade ou já há um alarme.
2025-02-12 11:44:16,424 - INFO - Técnico 1234 não está em atividade ou já há um alarme.
2025-02-12 11:44:16,451 - INFO - Técnico 1034 não está em atividade ou já há um alarme.
2025-02-12 11:44:16,477 - INFO - Técnico 911 não está em atividade ou já há um alarme.
2025-02-12 11:44:16,499 - INFO - Técnico 1494 não está em atividade ou já há um alarme.
2025-02-12 11:44:16,524 - INFO - Técnico 1386 não está em atividade ou já há um alarme.
2025-02-12 11:44:16,548 - INFO - Técnico 1044 não está em atividade ou já há um alarme.
2025-02-12 11:44:16,577 - INFO - Técnico 910 não está em atividade ou já há um alarme.
2025-02-12 11:44:16,605 - INFO - Técnico 1052 não está em atividade ou já há um alarme.
2025-02-12 11:44:16,634 - INFO - Técnico 1400 não está em atividade ou já há um alarme.
2025-02-12 11:44:16,662 - INFO - Técnico 1407 não está em atividade ou já há um alarme.
2025-02-12 11:44:16,699 - INFO - Técnico 1490 não está em atividade ou já há um alarme.
2025-02-12 11:44:16,724 - INFO - Técnico 1090 não está em atividade ou já há um alarme.
2025-02-12 11:44:16,759 - INFO - Técnico 973 não está em atividade ou já há um alarme.
2025-02-12 11:44:16,793 - INFO - Técnico 1016 não está em atividade ou já há um alarme.
2025-02-12 11:44:16,819 - INFO - Técnico 950 não está em atividade ou já há um alarme.
2025-02-12 11:44:16,846 - INFO - Técnico 1027 não está em atividade ou já há um alarme.
2025-02-12 11:44:16,870 - DEBUG - Técnico 913 - Status: Em Atividade
2025-02-12 11:44:16,903 - INFO - Técnico 1281 não está em atividade ou já há um alarme.
2025-02-12 11:44:16,928 - DEBUG - Técnico 1068 - Status: Em Atividade
2025-02-12 11:44:16,965 - INFO - Técnico 1030 não está em atividade ou já há um alarme.
2025-02-12 11:44:16,994 - DEBUG - Técnico 1429 - Status: Em Atividade
2025-02-12 11:44:17,038 - DEBUG - Técnico 1427 - Status: Em Atividade
2025-02-12 11:44:17,074 - DEBUG - Técnico 1393 - Status: Em Atividade
2025-02-12 11:44:17,116 - DEBUG - Técnico 1229 - Status: Em Atividade
2025-02-12 11:44:17,180 - INFO - Técnico 1084 não está em atividade ou já há um alarme.
2025-02-12 11:44:17,211 - INFO - Técnico 1127 não está em atividade ou já há um alarme.
2025-02-12 11:44:17,235 - INFO - Técnico 1406 não está em atividade ou já há um alarme.
2025-02-12 11:44:17,257 - INFO - Técnico 1163 não está em atividade ou já há um alarme.
2025-02-12 11:44:17,280 - INFO - Técnico 1430 não está em atividade ou já há um alarme.
2025-02-12 11:44:17,308 - DEBUG - Técnico 1278 - Status: Em Atividade
2025-02-12 11:44:17,343 - INFO - Técnico 918 não está em atividade ou já há um alarme.
2025-02-12 11:44:17,365 - INFO - Técnico 1025 não está em atividade ou já há um alarme.
2025-02-12 11:44:17,390 - DEBUG - Técnico 1428 - Status: Em Atividade
2025-02-12 11:44:17,426 - INFO - Técnico 1013 não está em atividade ou já há um alarme.
2025-02-12 11:44:17,453 - INFO - Técnico 1053 não está em atividade ou já há um alarme.
2025-02-12 11:44:17,477 - INFO - Técnico 1452 não está em atividade ou já há um alarme.
2025-02-12 11:44:17,499 - DEBUG - Técnico 1035 - Status: Em Atividade
2025-02-12 11:44:17,536 - DEBUG - Técnico 1146 - Status: Em Atividade
2025-02-12 11:44:17,572 - INFO - Técnico 1047 não está em atividade ou já há um alarme.
2025-02-12 11:44:17,596 - DEBUG - Técnico 1049 - Status: Em Atividade
2025-02-12 11:44:17,628 - INFO - Técnico 1140 não está em atividade ou já há um alarme.
2025-02-12 11:44:17,648 - INFO - Técnico 1389 não está em atividade ou já há um alarme.
2025-02-12 11:44:17,692 - INFO - Técnico 1403 não está em atividade ou já há um alarme.
2025-02-12 11:44:17,719 - INFO - Técnico 1139 não está em atividade ou já há um alarme.
2025-02-12 11:44:17,747 - DEBUG - Técnico 1011 - Status: Em Atividade
2025-02-12 11:44:17,787 - INFO - Técnico 933 não está em atividade ou já há um alarme.
2025-02-12 11:44:17,809 - INFO - Técnico 1497 não está em atividade ou já há um alarme.
2025-02-12 11:44:17,833 - INFO - Técnico 966 não está em atividade ou já há um alarme.
2025-02-12 11:44:17,853 - INFO - Técnico 1451 não está em atividade ou já há um alarme.
2025-02-12 11:44:17,874 - INFO - Técnico 1402 não está em atividade ou já há um alarme.
2025-02-12 11:44:17,902 - INFO - Técnico 994 não está em atividade ou já há um alarme.
2025-02-12 11:44:17,923 - INFO - Técnico 1499 não está em atividade ou já há um alarme.
2025-02-12 11:44:17,949 - INFO - Técnico 986 não está em atividade ou já há um alarme.
2025-02-12 11:44:17,969 - INFO - Técnico 1454 não está em atividade ou já há um alarme.
2025-02-12 11:44:17,990 - INFO - Técnico 1500 não está em atividade ou já há um alarme.
2025-02-12 11:44:18,046 - DEBUG - Técnico 1347 - Status: Em Atividade
2025-02-12 11:44:18,076 - INFO - Técnico 1010 não está em atividade ou já há um alarme.
2025-02-12 11:46:30,577 - INFO - /home/darlan/gerenciador_tecnicos/monitoramento_tecnicos/tecnicos/views.py changed, reloading.
2025-02-12 11:46:31,755 - DEBUG - Logger configurado com sucesso.
2025-02-12 11:46:50,467 - ERROR - Internal Server Error: /
Traceback (most recent call last):
  File "/home/darlan/gerenciador_tecnicos/myenv/lib/python3.10/site-packages/django/core/handlers/exception.py", line 55, in inner
    response = get_response(request)
  File "/home/darlan/gerenciador_tecnicos/myenv/lib/python3.10/site-packages/django/core/handlers/base.py", line 197, in _get_response
    response = wrapped_callback(request, *callback_args, **callback_kwargs)
  File "/home/darlan/gerenciador_tecnicos/monitoramento_tecnicos/tecnicos/views.py", line 125, in alarme_tecnico
    logger.info(f"Técnico {tecnico.id} não está em atividade ou já há um alarme. Tempo Limite: {tempo_limite_fim}, Horário Atual: {agora}")
UnboundLocalError: local variable 'tempo_limite_fim' referenced before assignment
2025-02-12 12:27:38,571 - ERROR - Internal Server Error: /
Traceback (most recent call last):
  File "/home/darlan/gerenciador_tecnicos/myenv/lib/python3.10/site-packages/django/core/handlers/exception.py", line 55, in inner
    response = get_response(request)
  File "/home/darlan/gerenciador_tecnicos/myenv/lib/python3.10/site-packages/django/core/handlers/base.py", line 197, in _get_response
    response = wrapped_callback(request, *callback_args, **callback_kwargs)
  File "/home/darlan/gerenciador_tecnicos/monitoramento_tecnicos/tecnicos/views.py", line 125, in alarme_tecnico
    logger.info(f"Técnico {tecnico.id} não está em atividade ou já há um alarme. Tempo Limite: {tempo_limite_fim}, Horário Atual: {agora}")
UnboundLocalError: local variable 'tempo_limite_fim' referenced before assignment
2025-02-12 12:29:29,511 - INFO - /home/darlan/gerenciador_tecnicos/monitoramento_tecnicos/tecnicos/views.py changed, reloading.
2025-02-12 12:29:29,905 - DEBUG - Logger configurado com sucesso.
2025-02-12 12:29:42,216 - INFO - /home/darlan/gerenciador_tecnicos/monitoramento_tecnicos/tecnicos/views.py changed, reloading.
2025-02-12 12:29:43,347 - DEBUG - Logger configurado com sucesso.
2025-02-12 12:29:46,800 - INFO - /home/darlan/gerenciador_tecnicos/monitoramento_tecnicos/tecnicos/views.py changed, reloading.
2025-02-12 12:29:47,606 - DEBUG - Logger configurado com sucesso.
2025-02-12 12:29:54,792 - ERROR - Internal Server Error: /
Traceback (most recent call last):
  File "/home/darlan/gerenciador_tecnicos/myenv/lib/python3.10/site-packages/django/core/handlers/exception.py", line 55, in inner
    response = get_response(request)
  File "/home/darlan/gerenciador_tecnicos/myenv/lib/python3.10/site-packages/django/core/handlers/base.py", line 197, in _get_response
    response = wrapped_callback(request, *callback_args, **callback_kwargs)
  File "/home/darlan/gerenciador_tecnicos/monitoramento_tecnicos/tecnicos/views.py", line 125, in alarme_tecnico
    tempo_limite_fim = os.data_inicio_executado + prazo_programado + timedelta(minutes=20)
UnboundLocalError: local variable 'os' referenced before assignment
2025-02-12 12:30:38,529 - INFO - /home/darlan/gerenciador_tecnicos/monitoramento_tecnicos/tecnicos/views.py changed, reloading.
2025-02-12 12:30:40,250 - DEBUG - Logger configurado com sucesso.
2025-02-12 12:30:42,608 - INFO - /home/darlan/gerenciador_tecnicos/monitoramento_tecnicos/tecnicos/views.py changed, reloading.
2025-02-12 12:30:43,428 - DEBUG - Logger configurado com sucesso.
2025-02-12 12:30:45,780 - INFO - /home/darlan/gerenciador_tecnicos/monitoramento_tecnicos/tecnicos/views.py changed, reloading.
2025-02-12 12:30:50,901 - INFO - /home/darlan/gerenciador_tecnicos/monitoramento_tecnicos/tecnicos/views.py changed, reloading.
2025-02-12 12:31:16,699 - INFO - /home/darlan/gerenciador_tecnicos/monitoramento_tecnicos/tecnicos/views.py changed, reloading.
2025-02-12 12:31:19,954 - INFO - /home/darlan/gerenciador_tecnicos/monitoramento_tecnicos/tecnicos/views.py changed, reloading.
